2026-05-21 23:46:15 - 🤖 Бот викторина запущен: @YourBotName
2026-05-21 23:46:39 - 🤖 Бот викторина запущен: @YourBotName
2026-05-21 23:46:48 - 📩 @scalevviIain (Андрей): /quiz
2026-05-21 23:46:48 - 🎮 Начало игры для @scalevviIain
2026-05-21 23:46:49 - 📤 Ответ отправлен в чат 1256623413
2026-05-21 23:46:57 - 📩 @scalevviIain (Андрей): яблоко
2026-05-21 23:46:57 - ✅ @scalevviIain правильно перевёл: apple → яблоко
2026-05-21 23:46:57 - 📤 Ответ отправлен в чат 1256623413
2026-05-21 23:47:00 - 📩 @scalevviIain (Андрей): собака
2026-05-21 23:47:00 - ✅ @scalevviIain правильно перевёл: dog → собака
2026-05-21 23:47:00 - 📤 Ответ отправлен в чат 1256623413
2026-05-21 23:47:04 - 📩 @scalevviIain (Андрей): кошка
2026-05-21 23:47:04 - ✅ @scalevviIain правильно перевёл: cat → кошка
2026-05-21 23:47:04 - 📤 Ответ отправлен в чат 1256623413
2026-05-21 23:47:06 - 📩 @scalevviIain (Андрей): солнце
2026-05-21 23:47:06 - ✅ @scalevviIain правильно перевёл: sun → солнце
2026-05-21 23:47:07 - 📤 Ответ отправлен в чат 1256623413
2026-05-21 23:47:09 - 📩 @scalevviIain (Андрей): луна
2026-05-21 23:47:09 - ✅ @scalevviIain правильно перевёл: moon → луна
2026-05-21 23:47:09 - 📤 Ответ отправлен в чат 1256623413
2026-05-21 23:47:22 - 📩 @scalevviIain (Андрей): машина
2026-05-21 23:47:22 - ✅ @scalevviIain правильно перевёл: car → машина
2026-05-21 23:47:22 - 📤 Ответ отправлен в чат 1256623413
2026-05-21 23:47:33 - 📩 @scalevviIain (Андрей): /stats
2026-05-21 23:47:33 - 📊 Запрошена статистика @scalevviIain
2026-05-21 23:47:33 - 📤 Ответ отправлен в чат 1256623413
2026-05-21 23:47:36 - 📩 @scalevviIain (Андрей): /stop
2026-05-21 23:47:36 - 🛑 Остановка игры @scalevviIain
2026-05-21 23:47:36 - 📤 Ответ отправлен в чат 1256623413
2026-05-21 23:49:45 - 🤖 Бот викторина запущен: @YourBotName
2026-05-21 23:49:55 - 📩 @scalevviIain (Андрей): /quiz
2026-05-21 23:49:55 - 🎮 Начало игры для @scalevviIain
2026-05-21 23:49:59 - 📩 @scalevviIain (Андрей): яблоко
2026-05-21 23:49:59 - ✅ @scalevviIain правильно перевёл: apple → яблоко
2026-05-21 23:50:02 - 📩 @scalevviIain (Андрей): собака
2026-05-21 23:50:02 - ✅ @scalevviIain правильно перевёл: dog → собака
2026-05-21 23:50:05 - 📩 @scalevviIain (Андрей): кошка
2026-05-21 23:50:05 - ✅ @scalevviIain правильно перевёл: cat → кошка
2026-05-21 23:50:08 - 📩 @scalevviIain (Андрей): солнце
2026-05-21 23:50:08 - ✅ @scalevviIain правильно перевёл: sun → солнце
2026-05-21 23:50:14 - 📩 @scalevviIain (Андрей): /stats
2026-05-21 23:50:14 - 📊 Запрошена статистика @scalevviIain
2026-05-21 23:50:17 - 📩 @scalevviIain (Андрей): /stop
2026-05-21 23:50:17 - 🛑 Игра остановлена для @scalevviIain
2026-05-21 23:50:28 - 📩 @scalevviIain (Андрей): /exit
2026-05-21 23:50:28 - 🛑 Бот полностью остановлен пользователем @scalevviIain
2026-05-21 23:50:29 - 🛑 Бот полностью остановлен
2026-05-21 23:51:24 - 🤖 Бот викторина запущен: @YourBotName
2026-05-21 23:52:08 - 📩 @Akmlela (Максим): /start
2026-05-21 23:52:08 - 🟢 Отправлен /start @Akmlela
2026-05-21 23:52:22 - 📩 @Akmlela (Максим): /quiz
2026-05-21 23:52:22 - 🎮 Начало игры для @Akmlela
2026-05-21 23:52:25 - 📩 @scalevviIain (Андрей): /quiz
2026-05-21 23:52:25 - 🎮 Начало игры для @scalevviIain
2026-05-21 23:52:26 - 📩 @Akmlela (Максим): хуй
2026-05-21 23:52:26 - ❌ @Akmlela ошибся: apple → хуй (правильно: яблоко)
2026-05-21 23:52:29 - 📩 @scalevviIain (Андрей): яблоко
2026-05-21 23:52:29 - ✅ @scalevviIain правильно перевёл: apple → яблоко
2026-05-21 23:52:32 - 📩 @Akmlela (Максим): собака
2026-05-21 23:52:32 - ✅ @Akmlela правильно перевёл: dog → собака
2026-05-21 23:52:34 - 📩 @scalevviIain (Андрей): собака
2026-05-21 23:52:34 - ✅ @scalevviIain правильно перевёл: dog → собака
2026-05-21 23:52:48 - 📩 @scalevviIain (Андрей): кошка
2026-05-21 23:52:48 - ✅ @scalevviIain правильно перевёл: cat → кошка
2026-05-21 23:52:52 - 📩 @Akmlela (Максим): /quiz
2026-05-21 23:52:52 - 🎮 Начало игры для @Akmlela
2026-05-21 23:52:53 - 📩 @scalevviIain (Андрей): солнце
2026-05-21 23:52:53 - ✅ @scalevviIain правильно перевёл: sun → солнце
2026-05-21 23:52:58 - 📩 @Akmlela (Максим): яблоко
2026-05-21 23:52:58 - ✅ @Akmlela правильно перевёл: apple → яблоко
2026-05-21 23:53:05 - 📩 @Akmlela (Максим): /собака
2026-05-21 23:53:05 - ❌ @Akmlela ошибся: dog → /собака (правильно: собака)
2026-05-21 23:53:22 - 📩 @Akmlela (Максим): /stats
2026-05-21 23:53:22 - 📊 Запрошена статистика @Akmlela
2026-05-21 23:53:32 - 📩 @Akmlela (Максим): /stop
2026-05-21 23:53:32 - 🛑 Игра остановлена для @Akmlela
2026-05-21 23:53:36 - 📩 @Akmlela (Максим): /exit
2026-05-21 23:53:36 - 🛑 Бот полностью остановлен пользователем @Akmlela
2026-05-21 23:53:37 - 🛑 Бот полностью остановлен
2026-05-21 23:55:25 - 🤖 Бот викторина запущен: @YourBotName
2026-05-21 23:55:34 - 📩 @Akmlela (Максим): /quiz
2026-05-21 23:55:34 - 🎮 Начало игры для @Akmlela
2026-05-21 23:55:37 - 📩 @scalevviIain (Андрей): /quiz
2026-05-21 23:55:37 - 🎮 Начало игры для @scalevviIain
2026-05-21 23:55:43 - 📩 @scalevviIain (Андрей): /stats
2026-05-21 23:55:43 - 📊 Запрошена статистика @scalevviIain
2026-05-21 23:55:46 - 📩 @Akmlela (Максим): /exit
2026-05-21 23:55:46 - ❌ @Akmlela ошибся: apple → /exit (правильно: яблоко)
2026-05-21 23:55:49 - 📩 @scalevviIain (Андрей): /stop
2026-05-21 23:55:49 - 🛑 Бот остановлен пользователем @scalevviIain
2026-05-21 23:57:43 - 🤖 Бот викторина запущен: @YourBotName
2026-05-21 23:57:44 - 📩 @Akmlela (Максим): /stop
2026-05-21 23:57:54 - 🛑 Бот остановлен пользователем @Akmlela
2026-05-21 23:58:07 - 🤖 Бот викторина запущен: @YourBotName
2026-05-21 23:58:11 - 📩 @scalevviIain (Андрей): /quiz
2026-05-21 23:58:11 - 🎮 Начало игры для @scalevviIain
2026-05-21 23:58:18 - 📩 @Akmlela (Максим): /quiz
2026-05-21 23:58:18 - 🎮 Начало игры для @Akmlela
2026-05-21 23:58:18 - 📩 @Akmlela (Максим): /start
2026-05-21 23:58:18 - 🟢 Отправлен /start @Akmlela
2026-05-21 23:58:18 - 📩 @scalevviIain (Андрей): /quiz
2026-05-21 23:58:18 - 🎮 Начало игры для @scalevviIain
2026-05-21 23:58:19 - 📩 @Akmlela (Максим): /quiz
2026-05-21 23:58:19 - 🎮 Начало игры для @Akmlela
2026-05-21 23:58:24 - 📩 @scalevviIain (Андрей): яблко
2026-05-21 23:58:24 - ❌ @scalevviIain ошибся: apple → яблко (правильно: яблоко)
2026-05-21 23:58:27 - 📩 @scalevviIain (Андрей): собака
2026-05-21 23:58:27 - ✅ @scalevviIain правильно перевёл: dog → собака
2026-05-21 23:58:27 - 📩 @Akmlela (Максим): пен
2026-05-21 23:58:27 - ❌ @Akmlela ошибся: apple → пен (правильно: яблоко)
2026-05-21 23:58:29 - 📩 @scalevviIain (Андрей): кошка
2026-05-21 23:58:29 - ✅ @scalevviIain правильно перевёл: cat → кошка
2026-05-21 23:58:30 - 📩 @Akmlela (Максим): цйу
2026-05-21 23:58:30 - ❌ @Akmlela ошибся: dog → цйу (правильно: собака)
2026-05-21 23:58:34 - 📩 @Akmlela (Максим): 2342132165
2026-05-21 23:58:34 - ❌ @Akmlela ошибся: cat → 2342132165 (правильно: кошка)
2026-05-21 23:58:40 - 📩 @scalevviIain (Андрей): /stats
2026-05-21 23:58:40 - 📊 Запрошена статистика @scalevviIain
2026-05-21 23:58:42 - 📩 @Akmlela (Максим): /stop
2026-05-21 23:58:42 - 🛑 Бот остановлен пользователем @Akmlela
2026-05-21 23:58:43 - 📩 @scalevviIain (Андрей): /stop
2026-05-21 23:58:43 - 🛑 Бот остановлен пользователем @scalevviIain
2026-05-22 00:00:20 - 🤖 Бот викторина запущен: @YourBotName
2026-05-22 00:00:29 - 📩 @scalevviIain (Андрей): /quiz
2026-05-22 00:00:29 - 🎮 Начало игры для @scalevviIain
2026-05-22 00:00:34 - 📩 @scalevviIain (Андрей): яблоко
2026-05-22 00:00:34 - ✅ @scalevviIain правильно перевёл: apple → яблоко
2026-05-22 00:00:37 - 📩 @scalevviIain (Андрей): собака
2026-05-22 00:00:37 - ✅ @scalevviIain правильно перевёл: dog → собака
2026-05-22 00:00:40 - 📩 @scalevviIain (Андрей): кошка
2026-05-22 00:00:40 - ✅ @scalevviIain правильно перевёл: cat → кошка
2026-05-22 00:00:43 - 📩 @scalevviIain (Андрей): солнце
2026-05-22 00:00:43 - ✅ @scalevviIain правильно перевёл: sun → солнце
2026-05-22 00:00:46 - 📩 @scalevviIain (Андрей): луна
2026-05-22 00:00:46 - ✅ @scalevviIain правильно перевёл: moon → луна
2026-05-22 00:00:50 - 📩 @scalevviIain (Андрей): машина
2026-05-22 00:00:50 - ✅ @scalevviIain правильно перевёл: car → машина
2026-05-22 00:00:54 - 📩 @scalevviIain (Андрей): /stats
2026-05-22 00:00:54 - 📊 Запрошена статистика @scalevviIain
2026-05-22 00:01:00 - 📩 @scalevviIain (Андрей): /stop
2026-05-22 00:01:00 - 🛑 Бот остановлен пользователем @scalevviIain
2026-05-22 00:01:24 - 🤖 Бот викторина запущен: @YourBotName
2026-05-22 00:01:28 - 📩 @scalevviIain (Андрей): /start
2026-05-22 00:01:28 - 🟢 Отправлен /start @scalevviIain
2026-05-22 00:02:44 - 🤖 Бот викторина запущен: @YourBotName
2026-05-22 00:02:51 - 📩 @scalevviIain (Андрей): /quiz
2026-05-22 00:02:51 - 🎮 Начало игры для @scalevviIain
2026-05-22 00:02:55 - 📩 @scalevviIain (Андрей): яблоко
2026-05-22 00:02:55 - ✅ @scalevviIain правильно перевёл: apple → яблоко
2026-05-22 00:02:57 - 📩 @scalevviIain (Андрей): собака
2026-05-22 00:02:57 - ✅ @scalevviIain правильно перевёл: dog → собака
2026-05-22 00:02:59 - 📩 @scalevviIain (Андрей): кошка
2026-05-22 00:02:59 - ✅ @scalevviIain правильно перевёл: cat → кошка
2026-05-22 00:03:01 - 📩 @scalevviIain (Андрей): солнце
2026-05-22 00:03:01 - ✅ @scalevviIain правильно перевёл: sun → солнце
2026-05-22 00:03:06 - 📩 @scalevviIain (Андрей): /stats
2026-05-22 00:03:06 - 📊 Запрошена статистика @scalevviIain
2026-05-22 00:03:10 - 📩 @scalevviIain (Андрей): /stop
2026-05-22 00:03:10 - 🛑 Игра остановлена для @scalevviIain
2026-05-22 00:04:05 - 📩 @scalevviIain (Андрей): /quiz
2026-05-22 00:04:05 - 🎮 Начало игры для @scalevviIain
2026-05-22 00:04:09 - 📩 @scalevviIain (Андрей): /start
2026-05-22 00:04:09 - 🟢 Отправлен /start @scalevviIain
2026-05-22 00:06:12 - 🤖 Бот викторина запущен: @YourBotName
2026-05-22 00:06:13 - 📩 @scalevviIain (Андрей): /quiz
2026-05-22 00:06:13 - 🎮 Начало игры для @scalevviIain
2026-05-22 00:06:14 - 📩 @Akmlela (Максим): /quiz
2026-05-22 00:06:14 - 🎮 Начало игры для @Akmlela
2026-05-22 00:06:18 - 📩 @scalevviIain (Андрей): яблоко
2026-05-22 00:06:18 - ✅ @scalevviIain правильно перевёл: apple → яблоко
2026-05-22 00:06:21 - 📩 @scalevviIain (Андрей): собака
2026-05-22 00:06:21 - ✅ @scalevviIain правильно перевёл: dog → собака
2026-05-22 00:06:22 - 📩 @Akmlela (Максим): яблоко
2026-05-22 00:06:22 - ✅ @Akmlela правильно перевёл: apple → яблоко
2026-05-22 00:06:25 - 📩 @Akmlela (Максим): собака
2026-05-22 00:06:25 - ✅ @Akmlela правильно перевёл: dog → собака
2026-05-22 00:06:29 - 📩 @scalevviIain (Андрей): /stats
2026-05-22 00:06:29 - 📊 Запрошена статистика @scalevviIain
2026-05-22 00:06:33 - 📩 @Akmlela (Максим): ***@!&@&(
2026-05-22 00:06:33 - ❌ @Akmlela ошибся: cat → ***@!&@&( (правильно: кошка)
2026-05-22 00:06:34 - 📩 @scalevviIain (Андрей): /stop
2026-05-22 00:06:34 - 🛑 Игра остановлена для @scalevviIain
2026-05-22 00:06:36 - 📩 @Akmlela (Максим): /stop
2026-05-22 00:06:36 - 🛑 Игра остановлена для @Akmlela
2026-05-22 00:06:43 - 📩 @Akmlela (Максим): /quiz
2026-05-22 00:06:43 - 🎮 Начало игры для @Akmlela
2026-05-22 00:06:50 - 📩 @Akmlela (Максим): /exit
2026-05-22 00:06:50 - ❌ @Akmlela ошибся: apple → /exit (правильно: яблоко)
2026-05-22 00:37:58 - 🤖 Бот викторина запущен: @YourBotName
2026-05-22 00:38:20 - 📩 @scalevviIain (Андрей): /quiz
2026-05-22 00:38:20 - 🎮 Начало игры для @scalevviIain
2026-05-22 00:40:35 - 🤖 Бот викторина запущен: @YourBotName
2026-05-22 00:40:52 - 📩 @scalevviIain (Андрей): /quiz
2026-05-22 00:40:52 - 🎮 Начало игры для @scalevviIain
2026-05-22 00:40:57 - 📩 @scalevviIain (Андрей): большой
2026-05-22 00:40:57 - ✅ @scalevviIain правильно перевёл: big → большой
2026-05-22 00:41:04 - 📩 @scalevviIain (Андрей): зеленый
2026-05-22 00:41:04 - ✅ @scalevviIain правильно перевёл: green → зеленый
2026-05-22 00:41:10 - 📩 @scalevviIain (Андрей): /stop
2026-05-22 00:41:10 - 🛑 Игра остановлена для @scalevviIain
2026-05-22 00:41:16 - 📩 @scalevviIain (Андрей): /quiz
2026-05-22 00:41:16 - 🎮 Начало игры для @scalevviIain
2026-05-22 00:41:21 - 📩 @scalevviIain (Андрей): большой
2026-05-22 00:41:21 - ✅ @scalevviIain правильно перевёл: big → большой
2026-05-22 00:41:23 - 📩 @scalevviIain (Андрей): зеленый
2026-05-22 00:41:23 - ✅ @scalevviIain правильно перевёл: green → зеленый
2026-05-22 00:41:27 - 📩 @scalevviIain (Андрей): студент
2026-05-22 00:41:27 - ✅ @scalevviIain правильно перевёл: student → студент
2026-05-22 00:41:31 - 📩 @scalevviIain (Андрей): университет
2026-05-22 00:41:31 - ✅ @scalevviIain правильно перевёл: university → университет
2026-05-22 00:41:37 - 📩 @scalevviIain (Андрей): счатливый
2026-05-22 00:41:37 - ❌ @scalevviIain ошибся: happy → счатливый (правильно: счастливый)
2026-05-22 00:41:42 - 📩 @scalevviIain (Андрей): книга
2026-05-22 00:41:42 - ✅ @scalevviIain правильно перевёл: book → книга
2026-05-22 00:41:45 - 📩 @scalevviIain (Андрей): желтый
2026-05-22 00:41:45 - ✅ @scalevviIain правильно перевёл: yellow → желтый
2026-05-22 00:41:47 - 📩 @scalevviIain (Андрей): солнце
2026-05-22 00:41:47 - ✅ @scalevviIain правильно перевёл: sun → солнце
2026-05-22 00:41:53 - 📩 @scalevviIain (Андрей): /quiz
2026-05-22 00:41:53 - 🎮 Начало игры для @scalevviIain
2026-05-22 00:42:03 - 📩 @scalevviIain (Андрей): /stop
2026-05-22 00:42:03 - 🛑 Игра остановлена для @scalevviIain
2026-05-22 00:42:08 - 🤖 Бот викторина запущен: @YourBotName
2026-05-22 00:42:16 - 📩 @scalevviIain (Андрей): /quiz
2026-05-22 00:42:16 - 🎮 Начало игры для @scalevviIain
2026-05-22 00:42:27 - 📩 @scalevviIain (Андрей): большой
2026-05-22 00:42:27 - ✅ @scalevviIain правильно перевёл: big → большой
2026-05-22 00:42:29 - 📩 @scalevviIain (Андрей): 1
2026-05-22 00:42:29 - ❌ @scalevviIain ошибся: green → 1 (правильно: зеленый)
2026-05-22 00:42:32 - 📩 @scalevviIain (Андрей): 2
2026-05-22 00:42:32 - ❌ @scalevviIain ошибся: student → 2 (правильно: студент)
2026-05-22 00:42:34 - 📩 @scalevviIain (Андрей): 3
2026-05-22 00:42:34 - ❌ @scalevviIain ошибся: university → 3 (правильно: университет)
2026-05-22 00:42:35 - 📩 @scalevviIain (Андрей): 4
2026-05-22 00:42:35 - ❌ @scalevviIain ошибся: happy → 4 (правильно: счастливый)
2026-05-22 00:42:37 - 📩 @scalevviIain (Андрей): А
2026-05-22 00:42:37 - ❌ @scalevviIain ошибся: book → А (правильно: книга)
2026-05-22 00:42:38 - 📩 @scalevviIain (Андрей): М
2026-05-22 00:42:38 - ❌ @scalevviIain ошибся: yellow → М (правильно: желтый)
2026-05-22 00:42:39 - 📩 @scalevviIain (Андрей): М
2026-05-22 00:42:39 - ❌ @scalevviIain ошибся: sun → М (правильно: солнце)
2026-05-22 00:42:40 - 📩 @scalevviIain (Андрей): П
2026-05-22 00:42:40 - ❌ @scalevviIain ошибся: house → П (правильно: дом)
2026-05-22 00:42:41 - 📩 @scalevviIain (Андрей): А
2026-05-22 00:42:41 - ❌ @scalevviIain ошибся: red → А (правильно: красный)
2026-05-22 00:42:41 - 📩 @scalevviIain (Андрей): П
2026-05-22 00:42:41 - ❌ @scalevviIain ошибся: apple → П (правильно: яблоко)
2026-05-22 00:42:42 - 📩 @scalevviIain (Андрей): А
2026-05-22 00:42:42 - ❌ @scalevviIain ошибся: moon → А (правильно: луна)
2026-05-22 00:42:43 - 📩 @scalevviIain (Андрей): П
2026-05-22 00:42:43 - ❌ @scalevviIain ошибся: teacher → П (правильно: учитель)
2026-05-22 00:42:45 - 📩 @scalevviIain (Андрей): А
2026-05-22 00:42:45 - ❌ @scalevviIain ошибся: blue → А (правильно: синий)
2026-05-22 00:42:46 - 📩 @scalevviIain (Андрей): П
2026-05-22 00:42:46 - ❌ @scalevviIain ошибся: car → П (правильно: машина)
2026-05-22 00:42:47 - 📩 @scalevviIain (Андрей): П
2026-05-22 00:42:47 - ❌ @scalevviIain ошибся: cat → П (правильно: кошка)
2026-05-22 00:42:48 - 📩 @scalevviIain (Андрей): П
2026-05-22 00:42:48 - ❌ @scalevviIain ошибся: pen → П (правильно: ручка)
2026-05-22 00:42:49 - 📩 @scalevviIain (Андрей): П
2026-05-22 00:42:49 - ❌ @scalevviIain ошибся: dog → П (правильно: собака)
2026-05-22 00:42:50 - 📩 @scalevviIain (Андрей): П
2026-05-22 00:42:50 - ❌ @scalevviIain ошибся: green → П (правильно: зеленый)
2026-05-22 00:42:51 - 📩 @scalevviIain (Андрей): П
2026-05-22 00:42:51 - ❌ @scalevviIain ошибся: student → П (правильно: студент)
2026-05-22 00:42:52 - 📩 @scalevviIain (Андрей): П
2026-05-22 00:42:52 - ❌ @scalevviIain ошибся: university → П (правильно: университет)
2026-05-22 00:42:54 - 📩 @scalevviIain (Андрей): П
2026-05-22 00:42:54 - ❌ @scalevviIain ошибся: happy → П (правильно: счастливый)
2026-05-22 00:42:55 - 📩 @scalevviIain (Андрей): П
2026-05-22 00:42:55 - ❌ @scalevviIain ошибся: book → П (правильно: книга)
2026-05-22 00:42:56 - 📩 @scalevviIain (Андрей): П
2026-05-22 00:42:56 - ❌ @scalevviIain ошибся: yellow → П (правильно: желтый)
2026-05-22 00:42:57 - 📩 @scalevviIain (Андрей): П
2026-05-22 00:42:57 - ❌ @scalevviIain ошибся: sun → П (правильно: солнце)
2026-05-22 00:42:58 - 📩 @scalevviIain (Андрей): П
2026-05-22 00:42:58 - ❌ @scalevviIain ошибся: house → П (правильно: дом)
2026-05-22 00:42:59 - 📩 @scalevviIain (Андрей): П
2026-05-22 00:42:59 - ❌ @scalevviIain ошибся: red → П (правильно: красный)
2026-05-22 00:43:01 - 📩 @scalevviIain (Андрей): П
2026-05-22 00:43:01 - ❌ @scalevviIain ошибся: apple → П (правильно: яблоко)
2026-05-22 00:43:02 - 📩 @scalevviIain (Андрей): П
2026-05-22 00:43:02 - ❌ @scalevviIain ошибся: moon → П (правильно: луна)
2026-05-22 00:43:02 - 📩 @scalevviIain (Андрей): А
2026-05-22 00:43:02 - ❌ @scalevviIain ошибся: teacher → А (правильно: учитель)
2026-05-22 00:43:03 - 📩 @scalevviIain (Андрей): А
2026-05-22 00:43:03 - ❌ @scalevviIain ошибся: blue → А (правильно: синий)
2026-05-22 00:43:04 - 📩 @scalevviIain (Андрей): А
2026-05-22 00:43:04 - ❌ @scalevviIain ошибся: car → А (правильно: машина)
2026-05-22 00:43:05 - 📩 @scalevviIain (Андрей): С
2026-05-22 00:43:05 - ❌ @scalevviIain ошибся: cat → С (правильно: кошка)
2026-05-22 00:43:06 - 📩 @scalevviIain (Андрей): А
2026-05-22 00:43:06 - ❌ @scalevviIain ошибся: pen → А (правильно: ручка)
2026-05-22 00:43:06 - 📩 @scalevviIain (Андрей): А
2026-05-22 00:43:06 - ❌ @scalevviIain ошибся: dog → А (правильно: собака)
2026-05-22 00:43:07 - 📩 @scalevviIain (Андрей): С
2026-05-22 00:43:07 - ❌ @scalevviIain ошибся: green → С (правильно: зеленый)
2026-05-22 00:43:08 - 📩 @scalevviIain (Андрей): А
2026-05-22 00:43:08 - ❌ @scalevviIain ошибся: student → А (правильно: студент)
2026-05-22 00:43:09 - 📩 @scalevviIain (Андрей): А
2026-05-22 00:43:09 - ❌ @scalevviIain ошибся: university → А (правильно: университет)
2026-05-22 00:43:10 - 📩 @scalevviIain (Андрей): А
2026-05-22 00:43:10 - ❌ @scalevviIain ошибся: happy → А (правильно: счастливый)
2026-05-22 00:43:12 - 📩 @scalevviIain (Андрей): А
2026-05-22 00:43:12 - ❌ @scalevviIain ошибся: book → А (правильно: книга)
2026-05-22 00:43:13 - 📩 @scalevviIain (Андрей): А
2026-05-22 00:43:13 - ❌ @scalevviIain ошибся: yellow → А (правильно: желтый)
2026-05-22 00:43:14 - 📩 @scalevviIain (Андрей): А
2026-05-22 00:43:14 - ❌ @scalevviIain ошибся: sun → А (правильно: солнце)
2026-05-22 00:43:14 - 📩 @scalevviIain (Андрей): А
2026-05-22 00:43:14 - ❌ @scalevviIain ошибся: house → А (правильно: дом)
2026-05-22 00:43:15 - 📩 @scalevviIain (Андрей): А
2026-05-22 00:43:15 - ❌ @scalevviIain ошибся: red → А (правильно: красный)
2026-05-22 00:43:16 - 📩 @scalevviIain (Андрей): А
2026-05-22 00:43:16 - ❌ @scalevviIain ошибся: apple → А (правильно: яблоко)
2026-05-22 00:43:17 - 📩 @scalevviIain (Андрей): А
2026-05-22 00:43:17 - ❌ @scalevviIain ошибся: moon → А (правильно: луна)
2026-05-22 00:43:18 - 📩 @scalevviIain (Андрей): А
2026-05-22 00:43:18 - ❌ @scalevviIain ошибся: teacher → А (правильно: учитель)
2026-05-22 00:44:23 - 🤖 Бот викторина запущен: @YourBotName
2026-05-22 00:44:30 - 📩 @scalevviIain (Андрей): /start
2026-05-22 00:44:30 - 🟢 Отправлен /start @scalevviIain
2026-05-22 00:44:32 - 📩 @scalevviIain (Андрей): /quiz
2026-05-22 00:44:32 - 🎮 Начало игры для @scalevviIain
2026-05-22 00:46:05 - 🤖 Бот викторина запущен: @YourBotName
2026-05-22 00:46:11 - 📩 @scalevviIain (Андрей): /quiz
2026-05-22 00:46:11 - 🎮 Начало игры для @scalevviIain
2026-05-22 00:46:19 - 📩 @scalevviIain (Андрей): яблоко
2026-05-22 00:46:19 - ✅ @scalevviIain правильно перевёл: apple → яблоко
2026-05-22 00:46:23 - 📩 @scalevviIain (Андрей): собака
2026-05-22 00:46:23 - ✅ @scalevviIain правильно перевёл: dog → собака
2026-05-22 00:46:26 - 📩 @scalevviIain (Андрей): кошка
2026-05-22 00:46:26 - ✅ @scalevviIain правильно перевёл: cat → кошка
2026-05-22 00:46:29 - 📩 @scalevviIain (Андрей): солнце
2026-05-22 00:46:29 - ✅ @scalevviIain правильно перевёл: sun → солнце
2026-05-22 00:46:31 - 📩 @scalevviIain (Андрей): луна
2026-05-22 00:46:31 - ✅ @scalevviIain правильно перевёл: moon → луна
2026-05-22 00:46:36 - 📩 @scalevviIain (Андрей): машина
2026-05-22 00:46:36 - ✅ @scalevviIain правильно перевёл: car → машина
2026-05-22 00:46:37 - 📩 @scalevviIain (Андрей): дом
2026-05-22 00:46:37 - ✅ @scalevviIain правильно перевёл: house → дом
2026-05-22 00:46:41 - 📩 @scalevviIain (Андрей): счатливый
2026-05-22 00:46:41 - ❌ @scalevviIain ошибся: happy → счатливый (правильно: счастливый)
2026-05-22 00:46:43 - 📩 @scalevviIain (Андрей): большой
2026-05-22 00:46:43 - ✅ @scalevviIain правильно перевёл: big → большой
2026-05-22 00:46:50 - 📩 @scalevviIain (Андрей): синий
2026-05-22 00:46:50 - ✅ @scalevviIain правильно перевёл: blue → синий
2026-05-22 00:46:53 - 📩 @scalevviIain (Андрей): красный
2026-05-22 00:46:53 - ✅ @scalevviIain правильно перевёл: red → красный
2026-05-22 00:46:56 - 📩 @scalevviIain (Андрей): зел
2026-05-22 00:46:56 - ❌ @scalevviIain ошибся: green → зел (правильно: зеленый)
2026-05-22 00:47:00 - 📩 @scalevviIain (Андрей): желтый
2026-05-22 00:47:00 - ✅ @scalevviIain правильно перевёл: yellow → желтый
2026-05-22 00:47:03 - 📩 @scalevviIain (Андрей): нига
2026-05-22 00:47:03 - ❌ @scalevviIain ошибся: book → нига (правильно: книга)
2026-05-22 00:47:06 - 📩 @scalevviIain (Андрей): ручка
2026-05-22 00:47:06 - ✅ @scalevviIain правильно перевёл: pen → ручка
2026-05-22 00:47:10 - 📩 @scalevviIain (Андрей): учитель
2026-05-22 00:47:10 - ✅ @scalevviIain правильно перевёл: teacher → учитель
2026-05-22 00:47:12 - 📩 @scalevviIain (Андрей): ученик
2026-05-22 00:47:12 - ❌ @scalevviIain ошибся: student → ученик (правильно: студент)
2026-05-22 00:47:16 - 📩 @scalevviIain (Андрей): университет
2026-05-22 00:47:16 - ✅ @scalevviIain правильно перевёл: university → университет
2026-05-22 00:47:24 - 📩 @scalevviIain (Андрей): Счатливый
2026-05-22 00:47:24 - ❌ @scalevviIain ошибся: happy → Счатливый (правильно: счастливый)
2026-05-22 00:47:28 - 📩 @scalevviIain (Андрей): зеленый
2026-05-22 00:47:28 - ✅ @scalevviIain правильно перевёл: green → зеленый
2026-05-22 00:47:30 - 📩 @scalevviIain (Андрей): книга
2026-05-22 00:47:30 - ✅ @scalevviIain правильно перевёл: book → книга
2026-05-22 00:47:35 - 📩 @scalevviIain (Андрей): студент
2026-05-22 00:47:35 - ✅ @scalevviIain правильно перевёл: student → студент
2026-05-22 00:47:41 - 📩 @scalevviIain (Андрей): счастливый
2026-05-22 00:47:41 - ✅ @scalevviIain правильно перевёл: happy → счастливый
2026-05-22 00:47:41 - 🏆 @scalevviIain завершил игру! Результат: 📊 Статистика @scalevviIain:
✅ Правильных ответов: 18
❌ Неправильных: 5
📚 Выучено слов: 18/23
2026-05-22 00:48:13 - 📩 @scalevviIain (Андрей): /atop
2026-05-22 00:48:13 - ⚠️ @scalevviIain попытался ответить вне игры
2026-05-22 00:48:22 - 📩 @scalevviIain (Андрей): /stop
2026-05-22 00:48:22 - 🛑 Игра остановлена для @scalevviIain
2026-05-22 00:48:26 - 📩 @scalevviIain (Андрей): /quiz
2026-05-22 00:48:26 - 🎮 Начало игры для @scalevviIain
2026-05-22 00:48:33 - 📩 @scalevviIain (Андрей): /start
2026-05-22 00:48:33 - 🟢 Отправлен /start @scalevviIain
2026-05-22 00:48:39 - 📩 @scalevviIain (Андрей): /stats
2026-05-22 00:48:39 - 📊 Запрошена статистика @scalevviIain
